alumno_1= 09109126E y alumno_2= 06593675N , 2025-03-18 08:43:08 CETLOG:  el sistema de bases de datos fue apagado en 2025-03-18 08:43:06 CET
alumno_1= 09109126E y alumno_2= 06593675N ::1(57584), 2025-03-18 08:43:46 CETFATAL:  no existe la base de datos «invertigar»
alumno_1= 09109126E y alumno_2= 06593675N ::1(57590), 2025-03-18 08:43:50 CETFATAL:  no existe la base de datos «invetigar»
alumno_1= 09109126E y alumno_2= 06593675N , 2025-03-18 08:48:09 CETLOG:  empezando checkpoint: time
alumno_1= 09109126E y alumno_2= 06593675N , 2025-03-18 08:48:09 CETLOG:  checkpoint completo: escritos 11 búfers (0.1%); 0 archivos WAL añadidos, 0 eliminados, 0 reciclados; write=0.874 s, sync=0.009 s, total=0.906 s; archivos sincronizados=4, más largo=0.006 s, promedio=0.003 s; distancia=11 kB, estimación=11 kB; lsn=33/BCBA0978, lsn de redo=33/BCBA0940
alumno_1= 09109126E y alumno_2= 06593675N ::1(58269), 2025-03-18 08:57:05 CETERROR:  error de sintaxis en o cerca de «by» en carácter 58
alumno_1= 09109126E y alumno_2= 06593675N ::1(58269), 2025-03-18 08:57:05 CETSENTENCIA:  select count(distinct salatio) from investigadores gruop by salatio;
alumno_1= 09109126E y alumno_2= 06593675N ::1(58269), 2025-03-18 09:18:11 CETERROR:  no existe la relación «invertigar»
alumno_1= 09109126E y alumno_2= 06593675N ::1(58269), 2025-03-18 09:18:11 CETSENTENCIA:  ANALYZE invertigar;
alumno_1= 09109126E y alumno_2= 06593675N ::1(58269), 2025-03-18 09:18:18 CETERROR:  no existe la relación «investigar»
alumno_1= 09109126E y alumno_2= 06593675N ::1(58269), 2025-03-18 09:18:18 CETSENTENCIA:  ANALYZE investigar;
alumno_1= 09109126E y alumno_2= 06593675N ::1(58269), 2025-03-18 09:18:44 CETERROR:  error de sintaxis en o cerca de «count» en carácter 65
alumno_1= 09109126E y alumno_2= 06593675N ::1(58269), 2025-03-18 09:18:44 CETSENTENCIA:  Select attname, avg_width, n_distinct, most_common_vals 
	select count(distinct salatio) from investigadores;
alumno_1= 09109126E y alumno_2= 06593675N ::1(58269), 2025-03-18 09:21:41 CETERROR:  no existe la columna «salario» en carácter 47
alumno_1= 09109126E y alumno_2= 06593675N ::1(58269), 2025-03-18 09:21:41 CETHINT:  Probablemente quiera hacer referencia a la columna «investigadores.salatio».
alumno_1= 09109126E y alumno_2= 06593675N ::1(58269), 2025-03-18 09:21:41 CETSENTENCIA:  EXPLAIN 
	SELECT * 
	FROM investigadores 
	WHERE salario < 24000;
alumno_1= 09109126E y alumno_2= 06593675N , 2025-03-18 09:23:09 CETLOG:  empezando checkpoint: time
alumno_1= 09109126E y alumno_2= 06593675N , 2025-03-18 09:23:10 CETLOG:  checkpoint completo: escritos 7 búfers (0.0%); 0 archivos WAL añadidos, 0 eliminados, 0 reciclados; write=0.653 s, sync=0.009 s, total=0.681 s; archivos sincronizados=4, más largo=0.006 s, promedio=0.003 s; distancia=39 kB, estimación=39 kB; lsn=33/BCBAA7D0, lsn de redo=33/BCBAA798
alumno_1= 09109126E y alumno_2= 06593675N ::1(58269), 2025-03-18 09:45:43 CETERROR:  no existe la columna «relnameas» en carácter 8
alumno_1= 09109126E y alumno_2= 06593675N ::1(58269), 2025-03-18 09:45:43 CETHINT:  Probablemente quiera hacer referencia a la columna «pg_class.relname».
alumno_1= 09109126E y alumno_2= 06593675N ::1(58269), 2025-03-18 09:45:43 CETSENTENCIA:  SELECT relnameAS table_name, relpages AS bloques FROM pg_class WHERE relname='investigadores'
	;
alumno_1= 09109126E y alumno_2= 06593675N ::1(58269), 2025-03-18 10:00:51 CETLOG:  no se pudo recibir datos del cliente: An existing connection was forcibly closed by the remote host.
	
alumno_1= 09109126E y alumno_2= 06593675N ::1(49738), 2025-03-18 17:41:24 CETLOG:  no se pudo recibir datos del cliente: An existing connection was forcibly closed by the remote host.
	
